0 info it worked if it ends with ok
1 verbose cli [ '/usr/local/bin/node',
1 verbose cli   '/usr/local/bin/npm',
1 verbose cli   'install',
1 verbose cli   'encodings',
1 verbose cli   '--save' ]
2 info using npm@2.14.20
3 info using node@v4.4.0
4 verbose install initial load of /Users/joliva/epicLabsRepo/upclose/hlsproxy/package.json
5 verbose installManyTop reading scoped package data from /Users/joliva/epicLabsRepo/upclose/hlsproxy/node_modules/body-parser/package.json
6 verbose installManyTop reading scoped package data from /Users/joliva/epicLabsRepo/upclose/hlsproxy/node_modules/events/package.json
7 verbose installManyTop reading scoped package data from /Users/joliva/epicLabsRepo/upclose/hlsproxy/node_modules/express/package.json
8 verbose installManyTop reading scoped package data from /Users/joliva/epicLabsRepo/upclose/hlsproxy/node_modules/extfs/package.json
9 verbose installManyTop reading scoped package data from /Users/joliva/epicLabsRepo/upclose/hlsproxy/node_modules/fluent-ffmpeg/package.json
10 verbose installManyTop reading scoped package data from /Users/joliva/epicLabsRepo/upclose/hlsproxy/node_modules/gulp/package.json
11 verbose installManyTop reading scoped package data from /Users/joliva/epicLabsRepo/upclose/hlsproxy/node_modules/iconv-lite/package.json
12 verbose installManyTop reading scoped package data from /Users/joliva/epicLabsRepo/upclose/hlsproxy/node_modules/log-timestamp/package.json
13 verbose installManyTop reading scoped package data from /Users/joliva/epicLabsRepo/upclose/hlsproxy/node_modules/request/package.json
14 verbose installManyTop reading scoped package data from /Users/joliva/epicLabsRepo/upclose/hlsproxy/node_modules/rimraf/package.json
15 info package.json events@1.1.0 events is also the name of a node core module.
16 info package.json extfs@0.0.7 No license field.
17 info package.json fluent-ffmpeg@2.0.1 No license field.
18 info package.json log-timestamp@0.1.2 No license field.
19 verbose readDependencies loading dependencies from /Users/joliva/epicLabsRepo/upclose/hlsproxy/package.json
20 silly cache add args [ 'encodings', null ]
21 verbose cache add spec encodings
22 silly cache add parsed spec Result {
22 silly cache add   raw: 'encodings',
22 silly cache add   scope: null,
22 silly cache add   name: 'encodings',
22 silly cache add   rawSpec: '',
22 silly cache add   spec: 'latest',
22 silly cache add   type: 'tag' }
23 silly addNamed encodings@latest
24 verbose addNamed "latest" is being treated as a dist-tag for encodings
25 info addNameTag [ 'encodings', 'latest' ]
26 silly mapToRegistry name encodings
27 silly mapToRegistry using default registry
28 silly mapToRegistry registry https://registry.npmjs.org/
29 silly mapToRegistry uri https://registry.npmjs.org/encodings
30 verbose addNameTag registry:https://registry.npmjs.org/encodings not in flight; fetching
31 verbose request uri https://registry.npmjs.org/encodings
32 verbose request no auth needed
33 info attempt registry request try #1 at 11:56:18 AM
34 verbose request id c36599a30b2db046
35 http request GET https://registry.npmjs.org/encodings
36 http 404 https://registry.npmjs.org/encodings
37 verbose headers { 'content-type': 'application/json',
37 verbose headers   'cache-control': 'max-age=0',
37 verbose headers   'content-length': '2',
37 verbose headers   'accept-ranges': 'bytes',
37 verbose headers   date: 'Thu, 05 May 2016 09:56:18 GMT',
37 verbose headers   via: '1.1 varnish',
37 verbose headers   age: '0',
37 verbose headers   connection: 'keep-alive',
37 verbose headers   'x-served-by': 'cache-fra1247-FRA',
37 verbose headers   'x-cache': 'MISS',
37 verbose headers   'x-cache-hits': '0',
37 verbose headers   'x-timer': 'S1462442177.727036,VS0,VE748',
37 verbose headers   vary: 'Accept-Encoding' }
38 silly get cb [ 404,
38 silly get   { 'content-type': 'application/json',
38 silly get     'cache-control': 'max-age=0',
38 silly get     'content-length': '2',
38 silly get     'accept-ranges': 'bytes',
38 silly get     date: 'Thu, 05 May 2016 09:56:18 GMT',
38 silly get     via: '1.1 varnish',
38 silly get     age: '0',
38 silly get     connection: 'keep-alive',
38 silly get     'x-served-by': 'cache-fra1247-FRA',
38 silly get     'x-cache': 'MISS',
38 silly get     'x-cache-hits': '0',
38 silly get     'x-timer': 'S1462442177.727036,VS0,VE748',
38 silly get     vary: 'Accept-Encoding' } ]
39 verbose stack Error: Registry returned 404 for GET on https://registry.npmjs.org/encodings
39 verbose stack     at makeError (/usr/local/lib/node_modules/npm/node_modules/npm-registry-client/lib/request.js:264:12)
39 verbose stack     at CachingRegistryClient.<anonymous> (/usr/local/lib/node_modules/npm/node_modules/npm-registry-client/lib/request.js:242:14)
39 verbose stack     at Request._callback (/usr/local/lib/node_modules/npm/node_modules/npm-registry-client/lib/request.js:172:14)
39 verbose stack     at Request.self.callback (/usr/local/lib/node_modules/npm/node_modules/request/request.js:199:22)
39 verbose stack     at emitTwo (events.js:87:13)
39 verbose stack     at Request.emit (events.js:172:7)
39 verbose stack     at Request.<anonymous> (/usr/local/lib/node_modules/npm/node_modules/request/request.js:1036:10)
39 verbose stack     at emitOne (events.js:82:20)
39 verbose stack     at Request.emit (events.js:169:7)
39 verbose stack     at IncomingMessage.<anonymous> (/usr/local/lib/node_modules/npm/node_modules/request/request.js:963:12)
40 verbose statusCode 404
41 verbose pkgid encodings
42 verbose cwd /Users/joliva/epicLabsRepo/upclose/hlsproxy
43 error Darwin 15.3.0
44 error argv "/usr/local/bin/node" "/usr/local/bin/npm" "install" "encodings" "--save"
45 error node v4.4.0
46 error npm  v2.14.20
47 error code E404
48 error 404 Registry returned 404 for GET on https://registry.npmjs.org/encodings
48 error 404
48 error 404 'encodings' is not in the npm registry.
48 error 404 You should bug the author to publish it (or use the name yourself!)
48 error 404 It was specified as a dependency of 'hlsproxy'
48 error 404
48 error 404 Note that you can also install from a
48 error 404 tarball, folder, http url, or git url.
49 verbose exit [ 1, true ]
